<?xml version="1.0" encoding="UTF-8"?>
<!-- Generated by org.testng.reporters.JUnitXMLReporter -->
<testsuite ignored="0" hostname="Bharani" failures="0" tests="8" name="Sanity Test" time="21.909" errors="0" timestamp="2025-01-13T20:27:48 MYT">
  <testcase classname="com.testng.annotations.Testcaseone" name="openapp" time="4.883"/>
  <testcase classname="com.testng.annotations.Testcaseone" name="testlogodisplay" time="2.038"/>
  <testcase classname="com.testng.annotations.Testcaseone" name="testlogin" time="3.343"/>
  <testcase classname="com.testng.annotations.Testcaseone" name="testclosebrowser" time="0.685"/>
  <testcase classname="com.testng.annotations.Testcasethree" name="openapp" time="4.912"/>
  <testcase classname="com.testng.annotations.Testcasethree" name="testlogodisplay" time="2.044"/>
  <testcase classname="com.testng.annotations.Testcasethree" name="testlogin" time="3.303"/>
  <testcase classname="com.testng.annotations.Testcasethree" name="testclosebrowser" time="0.666"/>
</testsuite> <!-- Sanity Test -->
