<?xml version="1.0" encoding="UTF-8"?>
<!-- Generated by org.testng.reporters.JUnitXMLReporter -->
<testsuite ignored="0" hostname="Bharani" failures="0" tests="9" name="Smoke Test" time="22.857" errors="0" timestamp="2025-01-13T20:27:26 MYT">
  <testcase classname="com.testng.annotations.Testcaseone" name="openapp" time="5.333"/>
  <testcase classname="com.testng.annotations.Testcaseone" name="testlogodisplay" time="2.047"/>
  <testcase classname="com.testng.annotations.Testcaseone" name="testlogin" time="3.302"/>
  <testcase classname="com.testng.annotations.Testcaseone" name="testclosebrowser" time="0.581"/>
  <testcase classname="com.testng.annotations.Testcasetwo" name="openapp" time="4.297"/>
  <testcase classname="com.testng.annotations.Testcasetwo" name="testlogodisplay" time="2.053"/>
  <testcase classname="com.testng.annotations.Testcasetwo" name="testlogin" time="3.315"/>
  <testcase classname="com.testng.annotations.Testcasetwo" name="testclosebrowser" time="1.823"/>
  <testcase classname="com.testng.annotations.Annotations" name="executingtheTestcase" time="0.0"/>
</testsuite> <!-- Smoke Test -->
